#
# A fatal error has been detected by the Java Runtime Environment:
#
#  EXCEPTION_ACCESS_VIOLATION (0xc0000005) at pc=0x00007fff5c2ebc8a, pid=24148, tid=25664
#
# JRE version: OpenJDK Runtime Environment Temurin-17.0.1+12 (17.0.1+12) (build 17.0.1+12)
# Java VM: OpenJDK 64-Bit Server VM Temurin-17.0.1+12 (17.0.1+12, mixed mode, emulated-client, tiered, compressed oops, compressed class ptrs, g1 gc, windows-amd64)
# Problematic frame:
# V  [jvm.dll+0x79bc8a]
#
# No core dump will be written. Minidumps are not enabled by default on client versions of Windows
#
# If you would like to submit a bug report, please visit:
#   https://github.com/adoptium/adoptium-support/issues
#

---------------  S U M M A R Y ------------

Command Line: -XX:+ShowCodeDetailsInExceptionMessages -agentlib:jdwp=transport=dt_socket,suspend=y,address=localhost:49788 -Dcom.sun.management.jmxremote -Dcom.sun.management.jmxremote.port=49786 -Dcom.sun.management.jmxremote.authenticate=false -Dcom.sun.management.jmxremote.ssl=false -Djava.rmi.server.hostname=localhost -Dspring.jmx.enabled=true -Dspring.application.admin.enabled=true -XX:TieredStopAtLevel=1 -Dspring.boot.project.name=patrimonio -javaagent:C:\Users\diego.couto\Desktop\sts-4.13.0.RELEASE\configuration\org.eclipse.osgi\262\0\.cp\lib\javaagent-shaded.jar -Dfile.encoding=UTF-8 com.navita.patrimonio.PatrimonioApplication --spring.output.ansi.enabled=always

Host: Intel(R) Core(TM) i5-8265U CPU @ 1.60GHz, 8 cores, 23G,  Windows 10 , 64 bit Build 19041 (10.0.19041.1741)
Time: Thu Jul  7 14:21:32 2022 Hora oficial do Brasil elapsed time: 134.860827 seconds (0d 0h 2m 14s)

---------------  T H R E A D  ---------------

Current thread (0x00000224cb28bdb0):  JavaThread "JDWP Transport Listener: dt_socket" daemon [_thread_in_vm, id=25664, stack(0x0000002eb1c00000,0x0000002eb1d00000)]

Stack: [0x0000002eb1c00000,0x0000002eb1d00000],  sp=0x0000002eb1cff520,  free space=1021k
Native frames: (J=compiled Java code, j=interpreted, Vv=VM code, C=native code)
V  [jvm.dll+0x79bc8a]
V  [jvm.dll+0x507e6c]
V  [jvm.dll+0x4cf4d4]
C  [jdwp.dll+0x22dff]


siginfo: EXCEPTION_ACCESS_VIOLATION (0xc0000005), reading address 0x00000000005200b1


Register to memory mapping:

RIP=0x00007fff5c2ebc8a jvm.dll
RAX=0x00000000000000b1 is an unknown value
RBX=0x00000224cb067e69 points into unknown readable memory: 6f 6e 3b 00 66 6c 65
RCX=0x00000000005200ad is an unknown value
RDX=0x00000224cf1ccdc0 points into unknown readable memory: 0x76616e2f6d6f634c | 4c 63 6f 6d 2f 6e 61 76
RSP=0x0000002eb1cff520 is pointing into the stack for thread: 0x00000224cb28bdb0
RBP=0x00000224cb281740 points into unknown readable memory: 0x0000000000000002 | 02 00 00 00 00 00 00 00
RSI=0x0 is NULL
RDI=0xffffffffffffffff is an unknown value
R8 =0x000000000000008a is an unknown value
R9 =0x0000000000000040 is an unknown value
R10=0x0000000000000080 is an unknown value
R11=0x0000002eb1cff540 is pointing into the stack for thread: 0x00000224cb28bdb0
R12=0x0000002eb1cff678 is pointing into the stack for thread: 0x00000224cb28bdb0
R13=0x0 is NULL
R14=0x00000008003ca898 is a pointer to class: 
com.navita.patrimonio.specification.MarcaSpecification {0x00000008003ca8a0}
 - instance size:     2
 - klass size:        69
 - access:            public synchronized 
 - state:             fully_initialized
 - name:              'com/navita/patrimonio/specification/MarcaSpecification'
 - super:             'java/lang/Object'
 - sub:               
 - arrays:            NULL
 - methods:           Array<T>(0x00000224d25489b8)
 - method ordering:   Array<T>(0x00000224d2548f18)
 - default_methods:   Array<T>(0x0000000000000000)
 - local interfaces:  Array<T>(0x00000224ce369190)
 - trans. interfaces: Array<T>(0x00000224ce369190)
 - constants:         constant pool [204]/operands[8] {0x00000224d2549ee0} for 'com/navita/patrimonio/specification/MarcaSpecification' cache=0x00000224d254a618
 - class loader data:  loader data: 0x00000224cc9ebfb0 for instance a 'org/springframework/boot/devtools/restart/classloader/RestartClassLoader'{0x00000006840023c0}
 - source file:       'MarcaSpecification.java'
 - source debug extension:       SMAP
MarcaSpecification.java
Java
*S jdt
*F
1 MarcaSpecification.java
2 file:/C:/Users/diego.couto/Desktop/Meu%20Git/apiControlePatrimonio/target/classes/
*L
*E

 - class annotations:       Array<T>(0x00000224d2548ed0)
 - class type annotations:  Array<T>(0x0000000000000000)
 - field annotations:       Array<T>(0x0000000000000000)
 - field type annotations:  Array<T>(0x0000000000000000)
 - generic signature: '
[error occurred during error reporting (printing register info), id 0xc0000005, EXCEPTION_ACCESS_VIOLATION (0xc0000005) at pc=0x00007fff5c2ec896]

Registers:
RAX=0x00000000000000b1, RBX=0x00000224cb067e69, RCX=0x00000000005200ad, RDX=0x00000224cf1ccdc0
RSP=0x0000002eb1cff520, RBP=0x00000224cb281740, RSI=0x0000000000000000, RDI=0xffffffffffffffff
R8 =0x000000000000008a, R9 =0x0000000000000040, R10=0x0000000000000080, R11=0x0000002eb1cff540
R12=0x0000002eb1cff678, R13=0x0000000000000000, R14=0x00000008003ca898, R15=0x0000002eb1cff6c8
RIP=0x00007fff5c2ebc8a, EFLAGS=0x0000000000010202

Top of Stack: (sp=0x0000002eb1cff520)
0x0000002eb1cff520:   0000000000000036 00000008003ca898
0x0000002eb1cff530:   00000224cb28bdb0 0000000000000000
0x0000002eb1cff540:   ffffffffffffffff 00007fff5c057e6c
0x0000002eb1cff550:   00000224cb067e69 00000224cb067e30
0x0000002eb1cff560:   00000224cb281740 00000224cd418ac0
0x0000002eb1cff570:   00000224cb067de0 00000000000003d8
0x0000002eb1cff580:   00000224cb067df0 00000224cb0681c8
0x0000002eb1cff590:   0000000000000002 0000002eb1cff678
0x0000002eb1cff5a0:   0000000000000000 0000000000000000
0x0000002eb1cff5b0:   0000000683e07fb8 00007fff5c01f4d4
0x0000002eb1cff5c0:   00000224cb28bdb0 0000002eb1cff6c8
0x0000002eb1cff5d0:   00000224b0ce9dc0 0000002eb1cff6c8
0x0000002eb1cff5e0:   00000224cb28bdb0 0000000000000000
0x0000002eb1cff5f0:   0000022400000000 0000000000000000
0x0000002eb1cff600:   000000000000000d 00007fffc41b2dff
0x0000002eb1cff610:   0000002eb1cff6c0 00007fffc41c1aa0 

Instructions: (pc=0x00007fff5c2ebc8a)
0x00007fff5c2ebb8a:   48 83 c4 20 5f e9 3c a2 90 ff cc cc cc cc cc cc
0x00007fff5c2ebb9a:   cc cc cc cc cc cc 48 89 5c 24 08 57 48 83 ec 20
0x00007fff5c2ebbaa:   83 fa 02 8d 42 06 b9 08 00 00 00 49 8b d8 0f 4e
0x00007fff5c2ebbba:   c1 48 63 c8 48 83 c1 07 83 e1 f8 48 63 f9 49 8b
0x00007fff5c2ebbca:   48 18 48 8b c7 48 f7 d0 48 3b c1 73 16 4c 8d 05
0x00007fff5c2ebbda:   5a 55 17 00 48 8b d7 48 8b cb e8 47 05 91 ff 48
0x00007fff5c2ebbea:   8b 4b 18 48 8d 04 39 48 3b 43 20 76 18 45 33 c0
0x00007fff5c2ebbfa:   48 8b d7 48 8b cb 48 8b 5c 24 30 48 83 c4 20 5f
0x00007fff5c2ebc0a:   e9 a1 01 91 ff 48 89 43 18 48 8b c1 48 8b 5c 24
0x00007fff5c2ebc1a:   30 48 83 c4 20 5f c3 cc cc cc cc cc cc cc cc cc
0x00007fff5c2ebc2a:   cc cc cc cc cc cc 4c 8b d2 4c 8b d9 45 85 c0 7e
0x00007fff5c2ebc3a:   3c 44 0f b7 49 04 41 8d 40 ff 41 3b c1 44 0f 4c
0x00007fff5c2ebc4a:   c8 4d 63 c1 45 85 c9 7e 1f 48 8b c2 4c 2b da 49
0x00007fff5c2ebc5a:   8b d0 0f 1f 40 00 41 0f b6 4c 03 06 88 08 48 8d
0x00007fff5c2ebc6a:   40 01 48 83 ea 01 75 ee 43 c6 04 10 00 49 8b c2
0x00007fff5c2ebc7a:   c3 cc cc cc cc cc 48 89 5c 24 08 57 48 83 ec 20
0x00007fff5c2ebc8a:   0f b7 59 04 48 8b f9 33 d2 48 8d 4b 01 e8 24 e8
0x00007fff5c2ebc9a:   f2 ff 0f b7 57 04 4c 8b c0 3b da 0f 42 d3 44 8b
0x00007fff5c2ebcaa:   ca 85 d2 74 39 48 2b f8 0f 1f 40 00 66 66 0f 1f
0x00007fff5c2ebcba:   84 00 00 00 00 00 0f b6 4c 07 06 88 08 48 ff c0
0x00007fff5c2ebcca:   48 8b c8 49 2b c8 49 3b c9 7c eb 42 c6 04 02 00
0x00007fff5c2ebcda:   49 8b c0 48 8b 5c 24 30 48 83 c4 20 5f c3 48 8b
0x00007fff5c2ebcea:   5c 24 30 c6 04 02 00 48 83 c4 20 5f c3 cc cc cc
0x00007fff5c2ebcfa:   cc cc cc cc cc cc 4c 8b d1 45 85 c0 7e 6c 44 0f
0x00007fff5c2ebd0a:   b7 49 04 41 8d 40 ff 41 3b c1 44 0f 4c c8 4d 63
0x00007fff5c2ebd1a:   d9 45 85 c9 7e 22 48 8b ca 4c 2b d2 4d 8b c3 0f
0x00007fff5c2ebd2a:   1f 80 00 00 00 00 41 0f b6 44 0a 06 88 01 48 8d
0x00007fff5c2ebd3a:   49 01 49 83 e8 01 75 ee 41 c6 04 13 00 48 c7 c0
0x00007fff5c2ebd4a:   ff ff ff ff 66 90 48 ff c0 80 3c 02 00 75 f7 48
0x00007fff5c2ebd5a:   63 c8 85 c0 48 8b c2 7e 14 80 38 2f 75 03 c6 00
0x00007fff5c2ebd6a:   2e 48 ff c0 48 83 e9 01 75 ef 48 8b c2 c3 cc cc
0x00007fff5c2ebd7a:   cc cc cc cc cc cc 48 83 ec 28 e8 f7 fe ff ff 4c 


Stack slot to memory mapping:
stack at sp + 0 slots: 0x0000000000000036 is an unknown value
stack at sp + 1 slots: 0x00000008003ca898 is a pointer to class: 
com.navita.patrimonio.specification.MarcaSpecification {0x00000008003ca8a0}
 - instance size:     2
 - klass size:        69
 - access:            public synchronized 
 - state:             fully_initialized
 - name:              'com/navita/patrimonio/specification/MarcaSpecification'
 - super:             'java/lang/Object'
 - sub:               
 - arrays:            NULL
 - methods:           Array<T>(0x00000224d25489b8)
 - method ordering:   Array<T>(0x00000224d2548f18)
 - default_methods:   Array<T>(0x0000000000000000)
 - local interfaces:  Array<T>(0x00000224ce369190)
 - trans. interfaces: Array<T>(0x00000224ce369190)
 - constants:         constant pool [204]/operands[8] {0x00000224d2549ee0} for 'com/navita/patrimonio/specification/MarcaSpecification' cache=0x00000224d254a618
 - class loader data:  loader data: 0x00000224cc9ebfb0 for instance a 'org/springframework/boot/devtools/restart/classloader/RestartClassLoader'{0x00000006840023c0}
 - source file:       'MarcaSpecification.java'
 - source debug extension:       SMAP
MarcaSpecification.java
Java
*S jdt
*F
1 MarcaSpecification.java
2 file:/C:/Users/diego.couto/Desktop/Meu%20Git/apiControlePatrimonio/target/classes/
*L
*E

 - class annotations:       Array<T>(0x00000224d2548ed0)
 - class type annotations:  Array<T>(0x0000000000000000)
 - field annotations:       Array<T>(0x0000000000000000)
 - field type annotations:  Array<T>(0x0000000000000000)
 - generic signature: '
[error occurred during error reporting (inspecting top of stack), id 0xc0000005, EXCEPTION_ACCESS_VIOLATION (0xc0000005) at pc=0x00007fff5c2ec896]


---------------  P R O C E S S  ---------------

Threads class SMR info:
_java_thread_list=0x00000224ced116e0, length=39, elements={
0x00000224cb035670, 0x00000224cb036b90, 0x00000224ca411030, 0x00000224cb053010,
0x00000224cb056560, 0x00000224cb05b470, 0x00000224cb05c190, 0x00000224cb05c6a0,
0x00000224cb142780, 0x00000224cb28bdb0, 0x00000224cb28e040, 0x00000224cb28e720,
0x00000224cbaec4f0, 0x00000224cbbf8270, 0x00000224cbbe8460, 0x00000224cbc5a4a0,
0x00000224cca63a40, 0x00000224cca4db70, 0x00000224cca4a1b0, 0x00000224cca4b4f0,
0x00000224cca4b020, 0x00000224cca4be90, 0x00000224cca4c360, 0x00000224d1229e10,
0x00000224d12272c0, 0x00000224d122baf0, 0x00000224d122eb10, 0x00000224d122d300,
0x00000224d122a2e0, 0x00000224d122b620, 0x00000224d122c490, 0x00000224d122ce30,
0x00000224d122bfc0, 0x00000224d122ac80, 0x00000224d1227c60, 0x00000224d122d7d0,
0x00000224d1228ad0, 0x00000224d122b150, 0x00000224d1228600
}

Java Threads: ( => current thread )
  0x00000224cb035670 JavaThread "Reference Handler" daemon [_thread_blocked, id=26020, stack(0x0000002eb1200000,0x0000002eb1300000)]
  0x00000224cb036b90 JavaThread "Finalizer" daemon [_thread_blocked, id=17648, stack(0x0000002eb1300000,0x0000002eb1400000)]
  0x00000224ca411030 JavaThread "Signal Dispatcher" daemon [_thread_blocked, id=4180, stack(0x0000002eb1400000,0x0000002eb1500000)]
  0x00000224cb053010 JavaThread "Attach Listener" daemon [_thread_blocked, id=4220, stack(0x0000002eb1500000,0x0000002eb1600000)]
  0x00000224cb056560 JavaThread "Service Thread" daemon [_thread_blocked, id=12372, stack(0x0000002eb1600000,0x0000002eb1700000)]
  0x00000224cb05b470 JavaThread "Monitor Deflation Thread" daemon [_thread_blocked, id=17012, stack(0x0000002eb1700000,0x0000002eb1800000)]
  0x00000224cb05c190 JavaThread "C1 CompilerThread0" daemon [_thread_blocked, id=12512, stack(0x0000002eb1800000,0x0000002eb1900000)]
  0x00000224cb05c6a0 JavaThread "Sweeper thread" daemon [_thread_blocked, id=76, stack(0x0000002eb1900000,0x0000002eb1a00000)]
  0x00000224cb142780 JavaThread "Common-Cleaner" daemon [_thread_blocked, id=11424, stack(0x0000002eb1a00000,0x0000002eb1b00000)]
=>0x00000224cb28bdb0 JavaThread "JDWP Transport Listener: dt_socket" daemon [_thread_in_vm, id=25664, stack(0x0000002eb1c00000,0x0000002eb1d00000)]
  0x00000224cb28e040 JavaThread "JDWP Event Helper Thread" daemon [_thread_blocked, id=27556, stack(0x0000002eb1d00000,0x0000002eb1e00000)]
  0x00000224cb28e720 JavaThread "JDWP Command Reader" daemon [_thread_in_native, id=17924, stack(0x0000002eb1e00000,0x0000002eb1f00000)]
  0x00000224cbaec4f0 JavaThread "Notification Thread" daemon [_thread_blocked, id=11236, stack(0x0000002eb1f00000,0x0000002eb2000000)]
  0x00000224cbbf8270 JavaThread "RMI TCP Accept-0" daemon [_thread_in_native, id=14944, stack(0x0000002eb2100000,0x0000002eb2200000)]
  0x00000224cbbe8460 JavaThread "RMI TCP Accept-49786" daemon [_thread_in_native, id=26424, stack(0x0000002eb2200000,0x0000002eb2300000)]
  0x00000224cbc5a4a0 JavaThread "RMI TCP Accept-0" daemon [_thread_in_native, id=3100, stack(0x0000002eb2300000,0x0000002eb2400000)]
  0x00000224cca63a40 JavaThread "RMI Scheduler(0)" daemon [_thread_blocked, id=26724, stack(0x0000002eb3200000,0x0000002eb3300000)]
  0x00000224cca4db70 JavaThread "JMX server connection timeout 28" daemon [_thread_blocked, id=24300, stack(0x0000002eb3400000,0x0000002eb3500000)]
  0x00000224cca4a1b0 JavaThread "HikariPool-1 housekeeper" daemon [_thread_blocked, id=13316, stack(0x0000002eb3500000,0x0000002eb3600000)]
  0x00000224cca4b4f0 JavaThread "Catalina-utility-1" [_thread_blocked, id=26260, stack(0x0000002eb3700000,0x0000002eb3800000)]
  0x00000224cca4b020 JavaThread "Catalina-utility-2" [_thread_blocked, id=25468, stack(0x0000002eb3800000,0x0000002eb3900000)]
  0x00000224cca4be90 JavaThread "container-0" [_thread_blocked, id=28436, stack(0x0000002eb3900000,0x0000002eb3a00000)]
  0x00000224cca4c360 JavaThread "Live Reload Server" daemon [_thread_in_native, id=28612, stack(0x0000002eb3c00000,0x0000002eb3d00000)]
  0x00000224d1229e10 JavaThread "File Watcher" daemon [_thread_blocked, id=26664, stack(0x0000002eb3b00000,0x0000002eb3c00000)]
  0x00000224d12272c0 JavaThread "http-nio-8080-BlockPoller" daemon [_thread_in_native, id=26244, stack(0x0000002eb3d00000,0x0000002eb3e00000)]
  0x00000224d122baf0 JavaThread "http-nio-8080-exec-1" daemon [_thread_blocked, id=26016, stack(0x0000002eb3e00000,0x0000002eb3f00000)]
  0x00000224d122eb10 JavaThread "http-nio-8080-exec-2" daemon [_thread_blocked, id=27432, stack(0x0000002eb3f00000,0x0000002eb4000000)]
  0x00000224d122d300 JavaThread "http-nio-8080-exec-3" daemon [_thread_blocked, id=152, stack(0x0000002eb4000000,0x0000002eb4100000)]
  0x00000224d122a2e0 JavaThread "http-nio-8080-exec-4" daemon [_thread_blocked, id=22336, stack(0x0000002eb4100000,0x0000002eb4200000)]
  0x00000224d122b620 JavaThread "http-nio-8080-exec-5" daemon [_thread_blocked, id=28512, stack(0x0000002eb4200000,0x0000002eb4300000)]
  0x00000224d122c490 JavaThread "http-nio-8080-exec-6" daemon [_thread_blocked, id=2944, stack(0x0000002eb4300000,0x0000002eb4400000)]
  0x00000224d122ce30 JavaThread "http-nio-8080-exec-7" daemon [_thread_blocked, id=17828, stack(0x0000002eb4400000,0x0000002eb4500000)]
  0x00000224d122bfc0 JavaThread "http-nio-8080-exec-8" daemon [_thread_blocked, id=28472, stack(0x0000002eb4500000,0x0000002eb4600000)]
  0x00000224d122ac80 JavaThread "http-nio-8080-exec-9" daemon [_thread_blocked, id=22648, stack(0x0000002eb4600000,0x0000002eb4700000)]
  0x00000224d1227c60 JavaThread "http-nio-8080-exec-10" daemon [_thread_blocked, id=28192, stack(0x0000002eb4700000,0x0000002eb4800000)]
  0x00000224d122d7d0 JavaThread "http-nio-8080-ClientPoller" daemon [_thread_in_native, id=12412, stack(0x0000002eb4800000,0x0000002eb4900000)]
  0x00000224d1228ad0 JavaThread "http-nio-8080-Acceptor" daemon [_thread_in_native, id=26148, stack(0x0000002eb4900000,0x0000002eb4a00000)]
  0x00000224d122b150 JavaThread "DestroyJavaVM" [_thread_blocked, id=2692, stack(0x0000002eb0b00000,0x0000002eb0c00000)]
  0x00000224d1228600 JavaThread "RMI TCP Connection(9)-127.0.0.1" daemon [_thread_in_native, id=7380, stack(0x0000002eb4c00000,0x0000002eb4d00000)]

Other Threads:
  0x00000224ca3f92e0 VMThread "VM Thread" [stack: 0x0000002eb1100000,0x0000002eb1200000] [id=9060]
  0x00000224cbc6cc60 WatcherThread [stack: 0x0000002eb2400000,0x0000002eb2500000] [id=11000]
  0x00000224b10772f0 GCTaskThread "GC Thread#0" [stack: 0x0000002eb0c00000,0x0000002eb0d00000] [id=28056]
  0x00000224cbc6b8d0 GCTaskThread "GC Thread#1" [stack: 0x0000002eb2500000,0x0000002eb2600000] [id=27736]
  0x00000224cbd1d620 GCTaskThread "GC Thread#2" [stack: 0x0000002eb2600000,0x0000002eb2700000] [id=26248]
  0x00000224cbd1d8d0 GCTaskThread "GC Thread#3" [stack: 0x0000002eb2700000,0x0000002eb2800000] [id=24900]
  0x00000224cbd1db80 GCTaskThread "GC Thread#4" [stack: 0x0000002eb2800000,0x0000002eb2900000] [id=9968]
  0x00000224cbd1fe40 GCTaskThread "GC Thread#5" [stack: 0x0000002eb2900000,0x0000002eb2a00000] [id=28156]
  0x00000224cbd22510 GCTaskThread "GC Thread#6" [stack: 0x0000002eb2a00000,0x0000002eb2b00000] [id=2936]
  0x00000224cbd229d0 GCTaskThread "GC Thread#7" [stack: 0x0000002eb2b00000,0x0000002eb2c00000] [id=18812]
  0x00000224b0ced160 ConcurrentGCThread "G1 Main Marker" [stack: 0x0000002eb0d00000,0x0000002eb0e00000] [id=27512]
  0x00000224b0cedfc0 ConcurrentGCThread "G1 Conc#0" [stack: 0x0000002eb0e00000,0x0000002eb0f00000] [id=25076]
  0x00000224ccc38340 ConcurrentGCThread "G1 Conc#1" [stack: 0x0000002eb3600000,0x0000002eb3700000] [id=1772]
  0x00000224b10d4830 ConcurrentGCThread "G1 Refine#0" [stack: 0x0000002eb0f00000,0x0000002eb1000000] [id=25988]
  0x00000224cbce4a20 ConcurrentGCThread "G1 Refine#1" [stack: 0x0000002eb2c00000,0x0000002eb2d00000] [id=13172]
  0x00000224cbcec030 ConcurrentGCThread "G1 Refine#2" [stack: 0x0000002eb2d00000,0x0000002eb2e00000] [id=17216]
  0x00000224ca282320 ConcurrentGCThread "G1 Service" [stack: 0x0000002eb1000000,0x0000002eb1100000] [id=21984]

Threads with active compile tasks:

VM state: not at safepoint (normal execution)

VM Mutex/Monitor currently owned by a thread: None

Heap address: 0x0000000683800000, size: 6088 MB, Compressed Oops mode: Zero based, Oop shift amount: 3

CDS archive(s) not mapped
Compressed class space mapped at: 0x0000000800000000-0x0000000840000000, reserved size: 1073741824
Narrow klass base: 0x0000000800000000, Narrow klass shift: 0, Narrow klass range: 0x40000000

GC Precious Log:
 CPUs: 8 total, 8 available
 Memory: 24350M
 Large Page Support: Disabled
 NUMA Support: Disabled
 Compressed Oops: Enabled (Zero based)
 Heap Region Size: 4M
 Heap Min Capacity: 8M
 Heap Initial Capacity: 384M
 Heap Max Capacity: 6088M
 Pre-touch: Disabled
 Parallel Workers: 8
 Concurrent Workers: 2
 Concurrent Refinement Workers: 8
 Periodic GC: Disabled

Heap:
 garbage-first heap   total 98304K, used 36166K [0x0000000683800000, 0x0000000800000000)
  region size 4096K, 5 young (20480K), 2 survivors (8192K)
 Metaspace       used 71717K, committed 72128K, reserved 1114112K
  class space    used 9558K, committed 9728K, reserved 1048576K

Heap Regions: E=young(eden), S=young(survivor), O=old, HS=humongous(starts), HC=humongous(continues), CS=collection set, F=free, OA=open archive, CA=closed archive, TAMS=top-at-mark-start (previous, next)
|   0|0x0000000683800000, 0x0000000683c00000, 0x0000000683c00000|100%| O|  |TAMS 0x0000000683c00000, 0x0000000683800000| Untracked 
|   1|0x0000000683c00000, 0x0000000684000000, 0x0000000684000000|100%| O|  |TAMS 0x0000000684000000, 0x0000000683c00000| Untracked 
|   2|0x0000000684000000, 0x0000000684400000, 0x0000000684400000|100%| O|  |TAMS 0x0000000684400000, 0x0000000684000000| Untracked 
|   3|0x0000000684400000, 0x00000006847d6e00, 0x0000000684800000| 95%| O|  |TAMS 0x00000006847d6e00, 0x0000000684400000| Untracked 
|   4|0x0000000684800000, 0x0000000684c00000, 0x0000000684c00000|100%| O|  |TAMS 0x0000000684800000, 0x0000000684800000| Untracked 
|   5|0x0000000684c00000, 0x0000000684e29000, 0x0000000685000000| 54%| O|  |TAMS 0x0000000684c00000, 0x0000000684c00000| Untracked 
|   6|0x0000000685000000, 0x0000000685000000, 0x0000000685400000|  0%| F|  |TAMS 0x0000000685000000, 0x0000000685000000| Untracked 
|   7|0x0000000685400000, 0x0000000685400000, 0x0000000685800000|  0%| F|  |TAMS 0x0000000685400000, 0x0000000685400000| Untracked 
|   8|0x0000000685800000, 0x0000000685800000, 0x0000000685c00000|  0%| F|  |TAMS 0x0000000685800000, 0x0000000685800000| Untracked 
|   9|0x0000000685c00000, 0x0000000685d51b48, 0x0000000686000000| 32%| S|CS|TAMS 0x0000000685c00000, 0x0000000685c00000| Complete 
|  10|0x0000000686000000, 0x0000000686400000, 0x0000000686400000|100%| S|CS|TAMS 0x0000000686000000, 0x0000000686000000| Complete 
|  11|0x0000000686400000, 0x0000000686400000, 0x0000000686800000|  0%| F|  |TAMS 0x0000000686400000, 0x0000000686400000| Untracked 
|  12|0x0000000686800000, 0x0000000686800000, 0x0000000686c00000|  0%| F|  |TAMS 0x0000000686800000, 0x0000000686800000| Untracked 
|  13|0x0000000686c00000, 0x0000000686c00000, 0x0000000687000000|  0%| F|  |TAMS 0x0000000686c00000, 0x0000000686c00000| Untracked 
|  14|0x0000000687000000, 0x0000000687000000, 0x0000000687400000|  0%| F|  |TAMS 0x0000000687000000, 0x0000000687000000| Untracked 
|  15|0x0000000687400000, 0x0000000687400000, 0x0000000687800000|  0%| F|  |TAMS 0x0000000687400000, 0x0000000687400000| Untracked 
|  16|0x0000000687800000, 0x0000000687800000, 0x0000000687c00000|  0%| F|  |TAMS 0x0000000687800000, 0x0000000687800000| Untracked 
|  17|0x0000000687c00000, 0x0000000687c00000, 0x0000000688000000|  0%| F|  |TAMS 0x0000000687c00000, 0x0000000687c00000| Untracked 
|  18|0x0000000688000000, 0x0000000688000000, 0x0000000688400000|  0%| F|  |TAMS 0x0000000688000000, 0x0000000688000000| Untracked 
|  19|0x0000000688400000, 0x0000000688400000, 0x0000000688800000|  0%| F|  |TAMS 0x0000000688400000, 0x0000000688400000| Untracked 
|  20|0x0000000688800000, 0x0000000688800000, 0x0000000688c00000|  0%| F|  |TAMS 0x0000000688800000, 0x0000000688800000| Untracked 
|  25|0x0000000689c00000, 0x0000000689f3efa0, 0x000000068a000000| 81%| E|  |TAMS 0x0000000689c00000, 0x0000000689c00000| Complete 
|  26|0x000000068a000000, 0x000000068a400000, 0x000000068a400000|100%| E|CS|TAMS 0x000000068a000000, 0x000000068a000000| Complete 
|  95|0x000000069b400000, 0x000000069b800000, 0x000000069b800000|100%| E|CS|TAMS 0x000000069b400000, 0x000000069b400000| Complete 

Card table byte_map: [0x00000224ba310000,0x00000224baf00000] _byte_map_base: 0x00000224b6ef4000

Marking Bits (Prev, Next): (CMBitMap*) 0x00000224b1077810, (CMBitMap*) 0x00000224b1077850
 Prev Bits: [0x00000224bbaf0000, 0x00000224c1a10000)
 Next Bits: [0x00000224c1a10000, 0x00000224c7930000)

Polling page: 0x00000224b0d30000

Metaspace:

Usage:
  Non-class:     60.70 MB used.
      Class:      9.33 MB used.
       Both:     70.04 MB used.

Virtual space:
  Non-class space:       64.00 MB reserved,      60.94 MB ( 95%) committed,  8 nodes.
      Class space:        1.00 GB reserved,       9.50 MB ( <1%) committed,  1 nodes.
             Both:        1.06 GB reserved,      70.44 MB (  6%) committed. 

Chunk freelists:
   Non-Class:  2.70 MB
       Class:  2.50 MB
        Both:  5.20 MB

MaxMetaspaceSize: unlimited
CompressedClassSpaceSize: 1.00 GB
Initial GC threshold: 21.00 MB
Current GC threshold: 104.38 MB
CDS: off
MetaspaceReclaimPolicy: balanced
 - commit_granule_bytes: 65536.
 - commit_granule_words: 8192.
 - virtual_space_node_default_size: 1048576.
 - enlarge_chunks_in_place: 1.
 - new_chunks_are_fully_committed: 0.
 - uncommit_free_chunks: 1.
 - use_allocation_guard: 0.
 - handle_deallocations: 1.


Internal statistics:

num_allocs_failed_limit: 14.
num_arena_births: 536.
num_arena_deaths: 0.
num_vsnodes_births: 9.
num_vsnodes_deaths: 0.
num_space_committed: 1127.
num_space_uncommitted: 0.
num_chunks_returned_to_freelist: 14.
num_chunks_taken_from_freelist: 2774.
num_chunk_merges: 11.
num_chunk_splits: 2012.
num_chunks_enlarged: 1596.
num_purges: 0.
num_inconsistent_stats: 0.

CodeCache: size=49152Kb used=11409Kb max_used=12756Kb free=37742Kb
 bounds [0x00000224b5e90000, 0x00000224b6b10000, 0x00000224b8e90000]
 total_blobs=6452 nmethods=5811 adapters=568
 compilation: enabled
              stopped_count=0, restarted_count=0
 full_count=0

Compilation events (20 events):
Event: 127.429 Thread 0x00000224cb05c190 5801       1       java.util.HashMap$KeySet::contains (9 bytes)
Event: 127.429 Thread 0x00000224cb05c190 nmethod 5801 0x00000224b61a7390 code [0x00000224b61a7520, 0x00000224b61a7628]
Event: 132.415 Thread 0x00000224cb05c190 5803       1       org.apache.tomcat.util.net.NioEndpoint::access$200 (5 bytes)
Event: 132.416 Thread 0x00000224cb05c190 nmethod 5803 0x00000224b61a6c90 code [0x00000224b61a6e20, 0x00000224b61a6ed8]
Event: 133.416 Thread 0x00000224cb05c190 5808   !   1       sun.nio.ch.WEPollSelectorImpl::processUpdateQueue (203 bytes)
Event: 133.417 Thread 0x00000224cb05c190 nmethod 5808 0x00000224b61a6010 code [0x00000224b61a6220, 0x00000224b61a67c8]
Event: 133.417 Thread 0x00000224cb05c190 5807   !   1       org.apache.tomcat.util.net.NioEndpoint$Poller::events (282 bytes)
Event: 133.420 Thread 0x00000224cb05c190 nmethod 5807 0x00000224b61a4a10 code [0x00000224b61a4cc0, 0x00000224b61a5698]
Event: 133.420 Thread 0x00000224cb05c190 5804       1       sun.nio.ch.SelectorImpl::select (35 bytes)
Event: 133.420 Thread 0x00000224cb05c190 nmethod 5804 0x00000224b61a4590 code [0x00000224b61a4740, 0x00000224b61a4938]
Event: 133.420 Thread 0x00000224cb05c190 5805   !   1       sun.nio.ch.SelectorImpl::lockAndDoSelect (87 bytes)
Event: 133.421 Thread 0x00000224cb05c190 nmethod 5805 0x00000224b61a3a90 code [0x00000224b61a3c80, 0x00000224b61a41a8]
Event: 133.421 Thread 0x00000224cb05c190 5806   !   1       sun.nio.ch.WEPollSelectorImpl::doSelect (107 bytes)
Event: 133.422 Thread 0x00000224cb05c190 nmethod 5806 0x00000224b61a3210 code [0x00000224b61a3420, 0x00000224b61a37d8]
Event: 133.422 Thread 0x00000224cb05c190 5809       1       sun.nio.ch.SelectorImpl::begin (9 bytes)
Event: 133.422 Thread 0x00000224cb05c190 nmethod 5809 0x00000224b61a2f10 code [0x00000224b61a30a0, 0x00000224b61a3188]
Event: 133.495 Thread 0x00000224cb05c190 5810       1       org.apache.catalina.webresources.CachedResource::getNextCheck (5 bytes)
Event: 133.495 Thread 0x00000224cb05c190 nmethod 5810 0x00000224b61a2c10 code [0x00000224b61a2da0, 0x00000224b61a2e78]
Event: 133.727 Thread 0x00000224cb05c190 5811       1       org.apache.coyote.AbstractProtocol::access$000 (5 bytes)
Event: 133.727 Thread 0x00000224cb05c190 nmethod 5811 0x00000224b61a2910 code [0x00000224b61a2aa0, 0x00000224b61a2b58]

GC Heap History (20 events):
Event: 2.233 GC heap before
{Heap before GC invocations=8 (full 0):
 garbage-first heap   total 225280K, used 137608K [0x0000000683800000, 0x0000000800000000)
  region size 4096K, 33 young (135168K), 1 survivors (4096K)
 Metaspace       used 32991K, committed 33280K, reserved 1081344K
  class space    used 4025K, committed 4160K, reserved 1048576K
}
Event: 2.236 GC heap after
{Heap after GC invocations=9 (full 0):
 garbage-first heap   total 225280K, used 12915K [0x0000000683800000, 0x0000000800000000)
  region size 4096K, 2 young (8192K), 2 survivors (8192K)
 Metaspace       used 32991K, committed 33280K, reserved 1081344K
  class space    used 4025K, committed 4160K, reserved 1048576K
}
Event: 2.632 GC heap before
{Heap before GC invocations=9 (full 0):
 garbage-first heap   total 225280K, used 49779K [0x0000000683800000, 0x0000000800000000)
  region size 4096K, 12 young (49152K), 2 survivors (8192K)
 Metaspace       used 35797K, committed 36160K, reserved 1081344K
  class space    used 4463K, committed 4672K, reserved 1048576K
}
Event: 2.635 GC heap after
{Heap after GC invocations=10 (full 0):
 garbage-first heap   total 225280K, used 14257K [0x0000000683800000, 0x0000000800000000)
  region size 4096K, 2 young (8192K), 2 survivors (8192K)
 Metaspace       used 35797K, committed 36160K, reserved 1081344K
  class space    used 4463K, committed 4672K, reserved 1048576K
}
Event: 2.985 GC heap before
{Heap before GC invocations=11 (full 0):
 garbage-first heap   total 81920K, used 55217K [0x0000000683800000, 0x0000000800000000)
  region size 4096K, 12 young (49152K), 2 survivors (8192K)
 Metaspace       used 38923K, committed 39296K, reserved 1089536K
  class space    used 4926K, committed 5056K, reserved 1048576K
}
Event: 2.990 GC heap after
{Heap after GC invocations=12 (full 0):
 garbage-first heap   total 81920K, used 16533K [0x0000000683800000, 0x0000000800000000)
  region size 4096K, 2 young (8192K), 2 survivors (8192K)
 Metaspace       used 38923K, committed 39296K, reserved 1089536K
  class space    used 4926K, committed 5056K, reserved 1048576K
}
Event: 2.990 GC heap before
{Heap before GC invocations=12 (full 0):
 garbage-first heap   total 81920K, used 16533K [0x0000000683800000, 0x0000000800000000)
  region size 4096K, 3 young (12288K), 2 survivors (8192K)
 Metaspace       used 38923K, committed 39296K, reserved 1089536K
  class space    used 4926K, committed 5056K, reserved 1048576K
}
Event: 2.993 GC heap after
{Heap after GC invocations=13 (full 0):
 garbage-first heap   total 81920K, used 16249K [0x0000000683800000, 0x0000000800000000)
  region size 4096K, 1 young (4096K), 1 survivors (4096K)
 Metaspace       used 38923K, committed 39296K, reserved 1089536K
  class space    used 4926K, committed 5056K, reserved 1048576K
}
Event: 3.053 GC heap before
{Heap before GC invocations=13 (full 0):
 garbage-first heap   total 81920K, used 57209K [0x0000000683800000, 0x0000000800000000)
  region size 4096K, 12 young (49152K), 1 survivors (4096K)
 Metaspace       used 39360K, committed 39680K, reserved 1089536K
  class space    used 4966K, committed 5120K, reserved 1048576K
}
Event: 3.054 GC heap after
{Heap after GC invocations=14 (full 0):
 garbage-first heap   total 237568K, used 16781K [0x0000000683800000, 0x0000000800000000)
  region size 4096K, 1 young (4096K), 1 survivors (4096K)
 Metaspace       used 39360K, committed 39680K, reserved 1089536K
  class space    used 4966K, committed 5120K, reserved 1048576K
}
Event: 3.850 GC heap before
{Heap before GC invocations=14 (full 0):
 garbage-first heap   total 237568K, used 147853K [0x0000000683800000, 0x0000000800000000)
  region size 4096K, 34 young (139264K), 1 survivors (4096K)
 Metaspace       used 49124K, committed 49472K, reserved 1097728K
  class space    used 6338K, committed 6528K, reserved 1048576K
}
Event: 3.852 GC heap after
{Heap after GC invocations=15 (full 0):
 garbage-first heap   total 237568K, used 19222K [0x0000000683800000, 0x0000000800000000)
  region size 4096K, 1 young (4096K), 1 survivors (4096K)
 Metaspace       used 49124K, committed 49472K, reserved 1097728K
  class space    used 6338K, committed 6528K, reserved 1048576K
}
Event: 4.793 GC heap before
{Heap before GC invocations=15 (full 0):
 garbage-first heap   total 237568K, used 142102K [0x0000000683800000, 0x0000000800000000)
  region size 4096K, 32 young (131072K), 1 survivors (4096K)
 Metaspace       used 60052K, committed 60416K, reserved 1105920K
  class space    used 7936K, committed 8128K, reserved 1048576K
}
Event: 4.797 GC heap after
{Heap after GC invocations=16 (full 0):
 garbage-first heap   total 237568K, used 22588K [0x0000000683800000, 0x0000000800000000)
  region size 4096K, 2 young (8192K), 2 survivors (8192K)
 Metaspace       used 60052K, committed 60416K, reserved 1105920K
  class space    used 7936K, committed 8128K, reserved 1048576K
}
Event: 5.141 GC heap before
{Heap before GC invocations=17 (full 0):
 garbage-first heap   total 98304K, used 71740K [0x0000000683800000, 0x0000000800000000)
  region size 4096K, 14 young (57344K), 2 survivors (8192K)
 Metaspace       used 63432K, committed 63872K, reserved 1105920K
  class space    used 8433K, committed 8640K, reserved 1048576K
}
Event: 5.145 GC heap after
{Heap after GC invocations=18 (full 0):
 garbage-first heap   total 98304K, used 24599K [0x0000000683800000, 0x0000000800000000)
  region size 4096K, 2 young (8192K), 2 survivors (8192K)
 Metaspace       used 63432K, committed 63872K, reserved 1105920K
  class space    used 8433K, committed 8640K, reserved 1048576K
}
Event: 5.539 GC heap before
{Heap before GC invocations=19 (full 0):
 garbage-first heap   total 98304K, used 73751K [0x0000000683800000, 0x0000000800000000)
  region size 4096K, 14 young (57344K), 2 survivors (8192K)
 Metaspace       used 66978K, committed 67392K, reserved 1114112K
  class space    used 8930K, committed 9152K, reserved 1048576K
}
Event: 5.543 GC heap after
{Heap after GC invocations=20 (full 0):
 garbage-first heap   total 98304K, used 26419K [0x0000000683800000, 0x0000000800000000)
  region size 4096K, 1 young (4096K), 1 survivors (4096K)
 Metaspace       used 66978K, committed 67392K, reserved 1114112K
  class space    used 8930K, committed 9152K, reserved 1048576K
}
Event: 13.973 GC heap before
{Heap before GC invocations=20 (full 0):
 garbage-first heap   total 98304K, used 71475K [0x0000000683800000, 0x0000000800000000)
  region size 4096K, 13 young (53248K), 1 survivors (4096K)
 Metaspace       used 71340K, committed 71808K, reserved 1114112K
  class space    used 9510K, committed 9728K, reserved 1048576K
}
Event: 13.976 GC heap after
{Heap after GC invocations=21 (full 0):
 garbage-first heap   total 98304K, used 27974K [0x0000000683800000, 0x0000000800000000)
  region size 4096K, 2 young (8192K), 2 survivors (8192K)
 Metaspace       used 71340K, committed 71808K, reserved 1114112K
  class space    used 9510K, committed 9728K, reserved 1048576K
}

Deoptimization events (20 events):
Event: 13.916 Thread 0x00000224d122baf0 DEOPT PACKING pc=0x00000224b65c154c sp=0x0000002eb3efc520
Event: 13.916 Thread 0x00000224d122baf0 DEOPT UNPACKING pc=0x00000224b5ee2b43 sp=0x0000002eb3efbaf0 mode 1
Event: 13.916 Thread 0x00000224d122baf0 DEOPT PACKING pc=0x00000224b65c3434 sp=0x0000002eb3efc350
Event: 13.916 Thread 0x00000224d122baf0 DEOPT UNPACKING pc=0x00000224b5ee2b43 sp=0x0000002eb3efb888 mode 1
Event: 13.916 Thread 0x00000224d122baf0 DEOPT PACKING pc=0x00000224b65c436c sp=0x0000002eb3efc440
Event: 13.916 Thread 0x00000224d122baf0 DEOPT UNPACKING pc=0x00000224b5ee2b43 sp=0x0000002eb3efb9d8 mode 1
Event: 13.916 Thread 0x00000224d122baf0 DEOPT PACKING pc=0x00000224b65c154c sp=0x0000002eb3efc590
Event: 13.916 Thread 0x00000224d122baf0 DEOPT UNPACKING pc=0x00000224b5ee2b43 sp=0x0000002eb3efbb60 mode 1
Event: 13.934 Thread 0x00000224d122baf0 DEOPT PACKING pc=0x00000224b65c3434 sp=0x0000002eb3efaa10
Event: 13.934 Thread 0x00000224d122baf0 DEOPT UNPACKING pc=0x00000224b5ee2b43 sp=0x0000002eb3ef9f48 mode 1
Event: 13.934 Thread 0x00000224d122baf0 DEOPT PACKING pc=0x00000224b65c436c sp=0x0000002eb3efab00
Event: 13.934 Thread 0x00000224d122baf0 DEOPT UNPACKING pc=0x00000224b5ee2b43 sp=0x0000002eb3efa098 mode 1
Event: 13.934 Thread 0x00000224d122baf0 DEOPT PACKING pc=0x00000224b65c154c sp=0x0000002eb3efac50
Event: 13.934 Thread 0x00000224d122baf0 DEOPT UNPACKING pc=0x00000224b5ee2b43 sp=0x0000002eb3efa220 mode 1
Event: 22.182 Thread 0x00000224d122baf0 DEOPT PACKING pc=0x00000224b65c3434 sp=0x0000002eb3ef9f50
Event: 22.182 Thread 0x00000224d122baf0 DEOPT UNPACKING pc=0x00000224b5ee2b43 sp=0x0000002eb3ef9488 mode 1
Event: 22.182 Thread 0x00000224d122baf0 DEOPT PACKING pc=0x00000224b65c436c sp=0x0000002eb3efa040
Event: 22.182 Thread 0x00000224d122baf0 DEOPT UNPACKING pc=0x00000224b5ee2b43 sp=0x0000002eb3ef95d8 mode 1
Event: 22.182 Thread 0x00000224d122baf0 DEOPT PACKING pc=0x00000224b65c154c sp=0x0000002eb3efa190
Event: 22.182 Thread 0x00000224d122baf0 DEOPT UNPACKING pc=0x00000224b5ee2b43 sp=0x0000002eb3ef9760 mode 1

Classes unloaded (0 events):
No events

Classes redefined (1 events):
Event: 134.474 Thread 0x00000224ca3f92e0 redefined class name=com.navita.patrimonio.specification.MarcaSpecification, count=1

Internal exceptions (20 events):
Event: 5.097 Thread 0x00000224cca11fb0 Exception <a 'java/lang/reflect/InvocationTargetException'{0x00000006865d0298}> (0x00000006865d0298) 
thrown [e:\jenkins\tmp\workspace\build\src\src\hotspot\share\runtime\reflection.cpp, line 1121]
Event: 5.228 Thread 0x00000224cca11fb0 Exception <a 'java/lang/ClassNotFoundException'{0x0000000689e2fa58}: java/lang/ObjectCustomizer> (0x0000000689e2fa58) 
thrown [e:\jenkins\tmp\workspace\build\src\src\hotspot\share\classfile\systemDictionary.cpp, line 256]
Event: 5.228 Thread 0x00000224cca11fb0 Exception <a 'java/lang/ClassNotFoundException'{0x0000000689e388a8}: org/springframework/security/config/annotation/web/configuration/WebSecurityConfigurationCustomizer> (0x0000000689e388a8) 
thrown [e:\jenkins\tmp\workspace\build\src\src\hotspot\share\classfile\systemDictionary.cpp, line 256]
Event: 5.229 Thread 0x00000224cca11fb0 Exception <a 'java/lang/ClassNotFoundException'{0x0000000689e48110}: org/springframework/context/annotation/ImportAwareCustomizer> (0x0000000689e48110) 
thrown [e:\jenkins\tmp\workspace\build\src\src\hotspot\share\classfile\systemDictionary.cpp, line 256]
Event: 5.230 Thread 0x00000224cca11fb0 Exception <a 'java/lang/ClassNotFoundException'{0x0000000689e4dc78}: org/springframework/beans/factory/AwareCustomizer> (0x0000000689e4dc78) 
thrown [e:\jenkins\tmp\workspace\build\src\src\hotspot\share\classfile\systemDictionary.cpp, line 256]
Event: 5.230 Thread 0x00000224cca11fb0 Exception <a 'java/lang/ClassNotFoundException'{0x0000000689e52ca8}: org/springframework/beans/factory/BeanClassLoaderAwareCustomizer> (0x0000000689e52ca8) 
thrown [e:\jenkins\tmp\workspace\build\src\src\hotspot\share\classfile\systemDictionary.cpp, line 256]
Event: 5.230 Thread 0x00000224cca11fb0 Exception <a 'java/lang/ClassNotFoundException'{0x0000000689e587f0}: org/springframework/beans/factory/AwareCustomizer> (0x0000000689e587f0) 
thrown [e:\jenkins\tmp\workspace\build\src\src\hotspot\share\classfile\systemDictionary.cpp, line 256]
Event: 5.351 Thread 0x00000224cca11fb0 Exception <a 'java/lang/ClassNotFoundException'{0x0000000687f2e810}: java/lang/ObjectCustomizer> (0x0000000687f2e810) 
thrown [e:\jenkins\tmp\workspace\build\src\src\hotspot\share\classfile\systemDictionary.cpp, line 256]
Event: 5.352 Thread 0x00000224cca11fb0 Exception <a 'java/lang/ClassNotFoundException'{0x0000000687f37660}: org/springframework/security/config/annotation/web/configuration/HttpSecurityConfigurationCustomizer> (0x0000000687f37660) 
thrown [e:\jenkins\tmp\workspace\build\src\src\hotspot\share\classfile\systemDictionary.cpp, line 256]
Event: 5.362 Thread 0x00000224cca11fb0 Exception <a 'java/lang/NoSuchMethodError'{0x0000000687ff6c40}: 'java.lang.Object java.lang.invoke.DirectMethodHandle$Holder.invokeInterface(java.lang.Object, java.lang.Object, java.lang.Object, java.lang.Object)'> (0x0000000687ff6c40) 
thrown [e:\jenkins\tmp\workspace\build\src\src\hotspot\share\interpreter\linkResolver.cpp, line 766]
Event: 5.456 Thread 0x00000224cca11fb0 Exception <a 'java/lang/NoSuchMethodError'{0x0000000687160838}: 'void java.lang.invoke.DirectMethodHandle$Holder.invokeVirtual(java.lang.Object, java.lang.Object, int)'> (0x0000000687160838) 
thrown [e:\jenkins\tmp\workspace\build\src\src\hotspot\share\interpreter\linkResolver.cpp, line 766]
Event: 5.458 Thread 0x00000224cca11fb0 Exception <a 'java/lang/NoSuchMethodError'{0x000000068717b1e8}: 'void java.lang.invoke.DirectMethodHandle$Holder.invokeVirtual(java.lang.Object, java.lang.Object, long)'> (0x000000068717b1e8) 
thrown [e:\jenkins\tmp\workspace\build\src\src\hotspot\share\interpreter\linkResolver.cpp, line 766]
Event: 5.563 Thread 0x00000224cca11fb0 Exception <a 'java/lang/IncompatibleClassChangeError'{0x000000069b543388}: Found class java.lang.Object, but interface was expected> (0x000000069b543388) 
thrown [e:\jenkins\tmp\workspace\build\src\src\hotspot\share\interpreter\linkResolver.cpp, line 833]
Event: 5.594 Thread 0x00000224cca11fb0 Exception <a 'java/lang/NoSuchMethodError'{0x000000068a035670}: 'int java.lang.invoke.DirectMethodHandle$Holder.invokeStaticInit(java.lang.Object, java.lang.Object, java.lang.Object, java.lang.Object)'> (0x000000068a035670) 
thrown [e:\jenkins\tmp\workspace\build\src\src\hotspot\share\interpreter\linkResolver.cpp, line 766]
Event: 5.673 Thread 0x00000224cca11fb0 Exception <a 'java/lang/NoSuchMethodError'{0x0000000689e38af0}: 'java.lang.Object java.lang.invoke.DirectMethodHandle$Holder.invokeSpecial(java.lang.Object, java.lang.Object, int, java.lang.Object, int, java.lang.Object)'> (0x0000000689e38af0) 
thrown [e:\jenkins\tmp\workspace\build\src\src\hotspot\share\interpreter\linkResolver.cpp, line 766]
Event: 5.673 Thread 0x00000224cca11fb0 Exception <a 'java/lang/NoSuchMethodError'{0x0000000689e40b98}: 'java.lang.Object java.lang.invoke.DirectMethodHandle$Holder.newInvokeSpecial(java.lang.Object, java.lang.Object, int, java.lang.Object, int)'> (0x0000000689e40b98) 
thrown [e:\jenkins\tmp\workspace\build\src\src\hotspot\share\interpreter\linkResolver.cpp, line 766]
Event: 5.673 Thread 0x00000224cca11fb0 Exception <a 'java/lang/NoSuchMethodError'{0x0000000689e44c98}: 'java.lang.Object java.lang.invoke.DirectMethodHandle$Holder.invokeSpecial(java.lang.Object, java.lang.Object, java.lang.Object, int, java.lang.Object, int)'> (0x0000000689e44c98) 
thrown [e:\jenkins\tmp\workspace\build\src\src\hotspot\share\interpreter\linkResolver.cpp, line 766]
Event: 5.674 Thread 0x00000224cca11fb0 Exception <a 'java/lang/NoSuchMethodError'{0x0000000689e54090}: 'void java.lang.invoke.DirectMethodHandle$Holder.invokeVirtual(java.lang.Object, java.lang.Object)'> (0x0000000689e54090) 
thrown [e:\jenkins\tmp\workspace\build\src\src\hotspot\share\interpreter\linkResolver.cpp, line 766]
Event: 13.850 Thread 0x00000224d122baf0 Exception <a 'sun/nio/fs/WindowsException'{0x00000006877ae3f0}> (0x00000006877ae3f0) 
thrown [e:\jenkins\tmp\workspace\build\src\src\hotspot\share\prims\jni.cpp, line 516]
Event: 13.907 Thread 0x00000224d122baf0 Exception <a 'java/lang/NoSuchMethodError'{0x0000000686cd7678}: 'java.lang.Object java.lang.invoke.DirectMethodHandle$Holder.invokeStaticInit(java.lang.Object, java.lang.Object, java.lang.Object, java.lang.Object, java.lang.Object, java.lang.Object)'> (0x0000000686cd7678) 
thrown [e:\jenkins\tmp\workspace\build\src\src\hotspot\share\interpreter\linkResolver.cpp, line 766]

VM Operations (20 events):
Event: 134.466 Executing VM operation: RedefineClasses
Event: 134.492 Executing VM operation: RedefineClasses done
Event: 134.507 Executing VM operation: ChangeBreakpoints
Event: 134.509 Executing VM operation: ChangeBreakpoints done
Event: 134.526 Executing VM operation: ChangeBreakpoints
Event: 134.527 Executing VM operation: ChangeBreakpoints done
Event: 134.530 Executing VM operation: ChangeSingleStep
Event: 134.530 Executing VM operation: ChangeSingleStep done
Event: 134.530 Executing VM operation: get/set locals
Event: 134.531 Executing VM operation: get/set locals done
Event: 134.532 Executing VM operation: ChangeSingleStep
Event: 134.532 Executing VM operation: ChangeSingleStep done
Event: 134.533 Executing VM operation: GetObjectMonitorUsage
Event: 134.534 Executing VM operation: GetObjectMonitorUsage done
Event: 134.534 Executing VM operation: GetObjectMonitorUsage
Event: 134.534 Executing VM operation: GetObjectMonitorUsage done
Event: 134.540 Executing VM operation: GetObjectMonitorUsage
Event: 134.540 Executing VM operation: GetObjectMonitorUsage done
Event: 134.540 Executing VM operation: GetObjectMonitorUsage
Event: 134.540 Executing VM operation: GetObjectMonitorUsage done

Events (20 events):
Event: 13.856 loading class com/sun/crypto/provider/HmacCore
Event: 13.856 loading class javax/crypto/MacSpi
Event: 13.856 loading class javax/crypto/MacSpi done
Event: 13.856 loading class com/sun/crypto/provider/HmacCore done
Event: 13.856 loading class com/sun/crypto/provider/HmacCore$HmacSHA256 done
Event: 13.939 loading class java/time/format/DateTimeParseException
Event: 13.939 loading class java/time/format/DateTimeParseException done
Event: 13.940 loading class java/time/format/DateTimeFormatterBuilder$ZoneTextPrinterParser
Event: 13.940 loading class java/time/format/DateTimeFormatterBuilder$ZoneTextPrinterParser done
Event: 13.940 loading class java/time/format/DateTimeFormatterBuilder$ReducedPrinterParser
Event: 13.940 loading class java/time/format/DateTimeFormatterBuilder$ReducedPrinterParser done
Event: 13.945 loading class org/w3c/dom/Document
Event: 13.945 loading class org/w3c/dom/Document done
Event: 44.726 Thread 0x00000224cb142c50 Thread exited: 0x00000224cb142c50
Event: 91.068 Thread 0x00000224d122a7b0 Thread exited: 0x00000224d122a7b0
Event: 91.068 Thread 0x00000224d122e640 Thread exited: 0x00000224d122e640
Event: 91.068 Thread 0x00000224cc9d9ab0 Thread exited: 0x00000224cc9d9ab0
Event: 91.068 Thread 0x00000224d122dca0 Thread exited: 0x00000224d122dca0
Event: 91.068 Thread 0x00000224cca665b0 Thread exited: 0x00000224cca665b0
Event: 91.068 Thread 0x00000224d1227790 Thread exited: 0x00000224d1227790


Dynamic libraries:
0x00007ff70ec80000 - 0x00007ff70ec8e000 	C:\Users\diego.couto\Desktop\sts-4.13.0.RELEASE\plugins\org.eclipse.justj.openjdk.hotspot.jre.full.win32.x86_64_17.0.1.v20211116-1657\jre\bin\javaw.exe
0x00007fffd2810000 - 0x00007fffd2a07000 	C:\Windows\SYSTEM32\ntdll.dll
0x00007fffd23c0000 - 0x00007fffd247d000 	C:\Windows\System32\KERNEL32.dll
0x00007fffcfbc0000 - 0x00007fffcfcdf000 	C:\Windows\system32\hmpalert.dll
0x00007fffd00f0000 - 0x00007fffd03bd000 	C:\Windows\System32\KERNELBASE.dll
0x00007fffcfff0000 - 0x00007fffd00f0000 	C:\Windows\System32\ucrtbase.dll
0x00007fff5f870000 - 0x00007fff5f888000 	C:\Users\diego.couto\Desktop\sts-4.13.0.RELEASE\plugins\org.eclipse.justj.openjdk.hotspot.jre.full.win32.x86_64_17.0.1.v20211116-1657\jre\bin\jli.dll
0x00007fffbc220000 - 0x00007fffbc239000 	C:\Users\diego.couto\Desktop\sts-4.13.0.RELEASE\plugins\org.eclipse.justj.openjdk.hotspot.jre.full.win32.x86_64_17.0.1.v20211116-1657\jre\bin\VCRUNTIME140.dll
0x00007fffd0a30000 - 0x00007fffd0bd0000 	C:\Windows\System32\USER32.dll
0x00007fffd0600000 - 0x00007fffd0622000 	C:\Windows\System32\win32u.dll
0x00007fffd1c20000 - 0x00007fffd1c4a000 	C:\Windows\System32\GDI32.dll
0x00007fffd04f0000 - 0x00007fffd05fb000 	C:\Windows\System32\gdi32full.dll
0x00007fffd03c0000 - 0x00007fffd045d000 	C:\Windows\System32\msvcp_win.dll
0x00007fffb74f0000 - 0x00007fffb778a000 	C:\Windows\WinSxS\amd64_microsoft.windows.common-controls_6595b64144ccf1df_6.0.19041.1110_none_60b5254171f9507e\COMCTL32.dll
0x00007fffd2320000 - 0x00007fffd23be000 	C:\Windows\System32\msvcrt.dll
0x00007fffd0e70000 - 0x00007fffd0ea0000 	C:\Windows\System32\IMM32.DLL
0x00007fffbc210000 - 0x00007fffbc21c000 	C:\Users\diego.couto\Desktop\sts-4.13.0.RELEASE\plugins\org.eclipse.justj.openjdk.hotspot.jre.full.win32.x86_64_17.0.1.v20211116-1657\jre\bin\vcruntime140_1.dll
0x00007fff5a720000 - 0x00007fff5a7b1000 	C:\Users\diego.couto\Desktop\sts-4.13.0.RELEASE\plugins\org.eclipse.justj.openjdk.hotspot.jre.full.win32.x86_64_17.0.1.v20211116-1657\jre\bin\msvcp140.dll
0x00007fff5bb50000 - 0x00007fff5c796000 	C:\Users\diego.couto\Desktop\sts-4.13.0.RELEASE\plugins\org.eclipse.justj.openjdk.hotspot.jre.full.win32.x86_64_17.0.1.v20211116-1657\jre\bin\server\jvm.dll
0x00007fffd1d90000 - 0x00007fffd1e3e000 	C:\Windows\System32\ADVAPI32.dll
0x00007fffd24b0000 - 0x00007fffd254c000 	C:\Windows\System32\sechost.dll
0x00007fffd1c60000 - 0x00007fffd1d85000 	C:\Windows\System32\RPCRT4.dll
0x00007fffd1c10000 - 0x00007fffd1c18000 	C:\Windows\System32\PSAPI.DLL
0x00007fffc9470000 - 0x00007fffc9497000 	C:\Windows\SYSTEM32\WINMM.dll
0x00007fffc4bc0000 - 0x00007fffc4bca000 	C:\Windows\SYSTEM32\VERSION.dll
0x00007fffae480000 - 0x00007fffae489000 	C:\Windows\SYSTEM32\WSOCK32.dll
0x00007fffd22b0000 - 0x00007fffd231b000 	C:\Windows\System32\WS2_32.dll
0x00007fffce660000 - 0x00007fffce672000 	C:\Windows\SYSTEM32\kernel.appcore.dll
0x00007fff812f0000 - 0x00007fff812fa000 	C:\Users\diego.couto\Desktop\sts-4.13.0.RELEASE\plugins\org.eclipse.justj.openjdk.hotspot.jre.full.win32.x86_64_17.0.1.v20211116-1657\jre\bin\jimage.dll
0x00007fffce2f0000 - 0x00007fffce4d4000 	C:\Windows\SYSTEM32\DBGHELP.DLL
0x00007fffbd000000 - 0x00007fffbd02c000 	C:\Windows\SYSTEM32\dbgcore.DLL
0x00007fffd0460000 - 0x00007fffd04e2000 	C:\Windows\System32\bcryptPrimitives.dll
0x00007fffc4190000 - 0x00007fffc41cb000 	C:\Users\diego.couto\Desktop\sts-4.13.0.RELEASE\plugins\org.eclipse.justj.openjdk.hotspot.jre.full.win32.x86_64_17.0.1.v20211116-1657\jre\bin\jdwp.dll
0x00007fff62000000 - 0x00007fff6200e000 	C:\Users\diego.couto\Desktop\sts-4.13.0.RELEASE\plugins\org.eclipse.justj.openjdk.hotspot.jre.full.win32.x86_64_17.0.1.v20211116-1657\jre\bin\instrument.dll
0x00007fff5bb20000 - 0x00007fff5bb45000 	C:\Users\diego.couto\Desktop\sts-4.13.0.RELEASE\plugins\org.eclipse.justj.openjdk.hotspot.jre.full.win32.x86_64_17.0.1.v20211116-1657\jre\bin\java.dll
0x00007fff5c920000 - 0x00007fff5c938000 	C:\Users\diego.couto\Desktop\sts-4.13.0.RELEASE\plugins\org.eclipse.justj.openjdk.hotspot.jre.full.win32.x86_64_17.0.1.v20211116-1657\jre\bin\zip.dll
0x00007fffd14c0000 - 0x00007fffd1c04000 	C:\Windows\System32\SHELL32.dll
0x00007fffcdb50000 - 0x00007fffce2e4000 	C:\Windows\SYSTEM32\windows.storage.dll
0x00007fffd1030000 - 0x00007fffd1384000 	C:\Windows\System32\combase.dll
0x00007fffcf790000 - 0x00007fffcf7bc000 	C:\Windows\SYSTEM32\Wldp.dll
0x00007fffd2720000 - 0x00007fffd27cd000 	C:\Windows\System32\SHCORE.dll
0x00007fffd0870000 - 0x00007fffd08c5000 	C:\Windows\System32\shlwapi.dll
0x00007fffcfe70000 - 0x00007fffcfe8f000 	C:\Windows\SYSTEM32\profapi.dll
0x00007fffc8510000 - 0x00007fffc851c000 	C:\Users\diego.couto\Desktop\sts-4.13.0.RELEASE\plugins\org.eclipse.justj.openjdk.hotspot.jre.full.win32.x86_64_17.0.1.v20211116-1657\jre\bin\dt_socket.dll
0x00007fffcf230000 - 0x00007fffcf26b000 	C:\Windows\SYSTEM32\IPHLPAPI.DLL
0x00007fffcf570000 - 0x00007fffcf5da000 	C:\Windows\system32\mswsock.dll
0x00007fffcf280000 - 0x00007fffcf34b000 	C:\Windows\SYSTEM32\DNSAPI.dll
0x00007fffd24a0000 - 0x00007fffd24a8000 	C:\Windows\System32\NSI.dll
0x00007fffc4c10000 - 0x00007fffc4c1a000 	C:\Windows\System32\rasadhlp.dll
0x00007fffc6010000 - 0x00007fffc6090000 	C:\Windows\System32\fwpuclnt.dll
0x00007fffd0790000 - 0x00007fffd07b7000 	C:\Windows\System32\bcrypt.dll
0x00007fff5bb00000 - 0x00007fff5bb19000 	C:\Users\diego.couto\Desktop\sts-4.13.0.RELEASE\plugins\org.eclipse.justj.openjdk.hotspot.jre.full.win32.x86_64_17.0.1.v20211116-1657\jre\bin\net.dll
0x00007fffc8b50000 - 0x00007fffc8c5a000 	C:\Windows\SYSTEM32\WINHTTP.dll
0x00007fff5bae0000 - 0x00007fff5baf5000 	C:\Users\diego.couto\Desktop\sts-4.13.0.RELEASE\plugins\org.eclipse.justj.openjdk.hotspot.jre.full.win32.x86_64_17.0.1.v20211116-1657\jre\bin\nio.dll
0x00007fff5f920000 - 0x00007fff5f929000 	C:\Users\diego.couto\Desktop\sts-4.13.0.RELEASE\plugins\org.eclipse.justj.openjdk.hotspot.jre.full.win32.x86_64_17.0.1.v20211116-1657\jre\bin\management.dll
0x00007fff5f910000 - 0x00007fff5f91b000 	C:\Users\diego.couto\Desktop\sts-4.13.0.RELEASE\plugins\org.eclipse.justj.openjdk.hotspot.jre.full.win32.x86_64_17.0.1.v20211116-1657\jre\bin\management_ext.dll
0x00007fffa0c80000 - 0x00007fffa0c97000 	C:\Windows\system32\napinsp.dll
0x00007fffa0ca0000 - 0x00007fffa0cbb000 	C:\Windows\system32\pnrpnsp.dll
0x00007fffa1390000 - 0x00007fffa13a5000 	C:\Windows\system32\wshbth.dll
0x00007fffc8490000 - 0x00007fffc84ad000 	C:\Windows\system32\NLAapi.dll
0x00007fffb26a0000 - 0x00007fffb26b2000 	C:\Windows\System32\winrnr.dll
0x00007fffcf7d0000 - 0x00007fffcf7e8000 	C:\Windows\SYSTEM32\CRYPTSP.dll
0x00007fffceea0000 - 0x00007fffceed4000 	C:\Windows\system32\rsaenh.dll
0x00007fffcfe30000 - 0x00007fffcfe5e000 	C:\Windows\SYSTEM32\USERENV.dll
0x00007fffcf700000 - 0x00007fffcf70c000 	C:\Windows\SYSTEM32\CRYPTBASE.dll
0x00007fffc61b0000 - 0x00007fffc61c7000 	C:\Windows\SYSTEM32\dhcpcsvc6.DLL
0x00007fffc60c0000 - 0x00007fffc60dd000 	C:\Windows\SYSTEM32\dhcpcsvc.DLL
0x00007fff61810000 - 0x00007fff61820000 	C:\Users\diego.couto\Desktop\sts-4.13.0.RELEASE\plugins\org.eclipse.justj.openjdk.hotspot.jre.full.win32.x86_64_17.0.1.v20211116-1657\jre\bin\verify.dll
0x00007fff62010000 - 0x00007fff6201e000 	C:\Users\diego.couto\Desktop\sts-4.13.0.RELEASE\plugins\org.eclipse.justj.openjdk.hotspot.jre.full.win32.x86_64_17.0.1.v20211116-1657\jre\bin\sunmscapi.dll
0x00007fffd0630000 - 0x00007fffd0786000 	C:\Windows\System32\CRYPT32.dll
0x00007fffcf8e0000 - 0x00007fffcf907000 	C:\Windows\SYSTEM32\ncrypt.dll
0x00007fffcf8a0000 - 0x00007fffcf8db000 	C:\Windows\SYSTEM32\NTASN1.dll
0x00007fff432c0000 - 0x00007fff432c7000 	C:\Windows\system32\wshunix.dll

dbghelp: loaded successfully - version: 4.0.5 - missing functions: none
symbol engine: initialized successfully - sym options: 0x614 - pdb path: .;C:\Users\diego.couto\Desktop\sts-4.13.0.RELEASE\plugins\org.eclipse.justj.openjdk.hotspot.jre.full.win32.x86_64_17.0.1.v20211116-1657\jre\bin;C:\Windows\SYSTEM32;C:\Windows\WinSxS\amd64_microsoft.windows.common-controls_6595b64144ccf1df_6.0.19041.1110_none_60b5254171f9507e;C:\Users\diego.couto\Desktop\sts-4.13.0.RELEASE\plugins\org.eclipse.justj.openjdk.hotspot.jre.full.win32.x86_64_17.0.1.v20211116-1657\jre\bin\server

VM Arguments:
jvm_args: -XX:+ShowCodeDetailsInExceptionMessages -agentlib:jdwp=transport=dt_socket,suspend=y,address=localhost:49788 -Dcom.sun.management.jmxremote -Dcom.sun.management.jmxremote.port=49786 -Dcom.sun.management.jmxremote.authenticate=false -Dcom.sun.management.jmxremote.ssl=false -Djava.rmi.server.hostname=localhost -Dspring.jmx.enabled=true -Dspring.application.admin.enabled=true -XX:TieredStopAtLevel=1 -Dspring.boot.project.name=patrimonio -javaagent:C:\Users\diego.couto\Desktop\sts-4.13.0.RELEASE\configuration\org.eclipse.osgi\262\0\.cp\lib\javaagent-shaded.jar -Dfile.encoding=UTF-8 
java_command: com.navita.patrimonio.PatrimonioApplication --spring.output.ansi.enabled=always
java_class_path (initial): C:\Users\diego.couto\Desktop\Meu Git\apiControlePatrimonio\target\classes;C:\Users\diego.couto\.m2\repository\org\springframework\boot\spring-boot-starter-data-jpa\2.4.2\spring-boot-starter-data-jpa-2.4.2.jar;C:\Users\diego.couto\.m2\repository\org\springframework\boot\spring-boot-starter-aop\2.4.2\spring-boot-starter-aop-2.4.2.jar;C:\Users\diego.couto\.m2\repository\org\aspectj\aspectjweaver\1.9.6\aspectjweaver-1.9.6.jar;C:\Users\diego.couto\.m2\repository\org\springframework\boot\spring-boot-starter-jdbc\2.4.2\spring-boot-starter-jdbc-2.4.2.jar;C:\Users\diego.couto\.m2\repository\com\zaxxer\HikariCP\3.4.5\HikariCP-3.4.5.jar;C:\Users\diego.couto\.m2\repository\org\springframework\spring-jdbc\5.3.3\spring-jdbc-5.3.3.jar;C:\Users\diego.couto\.m2\repository\jakarta\transaction\jakarta.transaction-api\1.3.3\jakarta.transaction-api-1.3.3.jar;C:\Users\diego.couto\.m2\repository\jakarta\persistence\jakarta.persistence-api\2.2.3\jakarta.persistence-api-2.2.3.jar;C:\Users\diego.couto\.m2\repository\org\hibernate\hibernate-core\5.4.27.Final\hibernate-core-5.4.27.Final.jar;C:\Users\diego.couto\.m2\repository\org\jboss\logging\jboss-logging\3.4.1.Final\jboss-logging-3.4.1.Final.jar;C:\Users\diego.couto\.m2\repository\org\javassist\javassist\3.27.0-GA\javassist-3.27.0-GA.jar;C:\Users\diego.couto\.m2\repository\net\bytebuddy\byte-buddy\1.10.19\byte-buddy-1.10.19.jar;C:\Users\diego.couto\.m2\repository\antlr\antlr\2.7.7\antlr-2.7.7.jar;C:\Users\diego.couto\.m2\repository\org\jboss\jandex\2.1.3.Final\jandex-2.1.3.Final.jar;C:\Users\diego.couto\.m2\repository\com\fasterxml\classmate\1.5.1\classmate-1.5.1.jar;C:\Users\diego.couto\.m2\repository\org\dom4j\dom4j\2.1.3\dom4j-2.1.3.jar;C:\Users\diego.couto\.m2\repository\org\hibernate\common\hibernate-commons-annotations\5.1.2.Final\hibernate-commons-annotations-5.1.2.Final.jar;C:\Users\diego.couto\.m2\repository\org\glassfish\jaxb\jaxb-runtime\2.3.3\jaxb-runtime-2.3.3.jar;C:\Users\diego.couto\.m2\repository
Launcher Type: SUN_STANDARD

[Global flags]
     intx CICompilerCount                          = 4                                         {product} {ergonomic}
     uint ConcGCThreads                            = 2                                         {product} {ergonomic}
     uint G1ConcRefinementThreads                  = 8                                         {product} {ergonomic}
   size_t G1HeapRegionSize                         = 4194304                                   {product} {ergonomic}
    uintx GCDrainStackTargetSize                   = 64                                        {product} {ergonomic}
   size_t InitialHeapSize                          = 402653184                                 {product} {ergonomic}
     bool ManagementServer                         = true                                      {product} {command line}
   size_t MarkStackSize                            = 4194304                                   {product} {ergonomic}
   size_t MaxHeapSize                              = 6383730688                                {product} {ergonomic}
   size_t MaxNewSize                               = 3829399552                                {product} {ergonomic}
   size_t MinHeapDeltaBytes                        = 4194304                                   {product} {ergonomic}
   size_t MinHeapSize                              = 8388608                                   {product} {ergonomic}
    uintx NonProfiledCodeHeapSize                  = 0                                      {pd product} {ergonomic}
     bool ProfileInterpreter                       = false                                  {pd product} {command line}
    uintx ProfiledCodeHeapSize                     = 0                                      {pd product} {ergonomic}
     bool ShowCodeDetailsInExceptionMessages       = true                                   {manageable} {command line}
   size_t SoftMaxHeapSize                          = 6383730688                             {manageable} {ergonomic}
     intx TieredStopAtLevel                        = 1                                         {product} {command line}
     bool UseCompressedClassPointers               = true                           {product lp64_product} {ergonomic}
     bool UseCompressedOops                        = true                           {product lp64_product} {ergonomic}
     bool UseG1GC                                  = true                                      {product} {ergonomic}
     bool UseLargePagesIndividualAllocation        = false                                  {pd product} {ergonomic}

Logging:
Log output configuration:
 #0: stdout all=warning uptime,level,tags
 #1: stderr all=off uptime,level,tags

Environment Variables:
JAVA_HOME=C:\Program Files\Java\jdk-17.0.1
PATH=C:\Users\diego.couto\Desktop\sts-4.13.0.RELEASE\plugins\org.eclipse.justj.openjdk.hotspot.jre.full.win32.x86_64_17.0.1.v20211116-1657\jre\bin;C:/Users/diego.couto/Desktop/sts-4.13.0.RELEASE//plugins/org.eclipse.justj.openjdk.hotspot.jre.full.win32.x86_64_17.0.1.v20211116-1657/jre/bin/server;C:/Users/diego.couto/Desktop/sts-4.13.0.RELEASE//plugins/org.eclipse.justj.openjdk.hotspot.jre.full.win32.x86_64_17.0.1.v20211116-1657/jre/bin;C:\Program Files\Java\jdk-17.0.1\bin;C:\Program Files\Common Files\Oracle\Java\javapath;C:\Program Files (x86)\Common Files\Oracle\Java\javapath;C:\Windows\system32;C:\Windows;C:\Windows\System32\Wbem;C:\Windows\System32\WindowsPowerShell\v1.0\;C:\Windows\System32\OpenSSH\;C:\Program Files\Git\cmd;C:\Program Files\PuTTY\;C:\Program Files (x86)\Microsoft SQL Server\150\DTS\Binn\;C:\Program Files\Azure Data Studio\bin;C:\Program Files\node-v12.21.0;C:\Program Files\nodejs\;C:\Program Files\Docker\Docker\resources\bin;C:\ProgramData\DockerDesktop\version-bin;C:\ProgramData\UNIVALI\Portugol Studio;C:\Program Files (x86)\Windows Kits\10\Windows Performance Toolkit\;C:\Program Files\dotnet\;C:\Program Files\Amazon\AWSCLIV2\;C:\Users\diego.couto\AppData\Local\Microsoft\WindowsApps;C:\Program Files (x86)\Sophos\Sophos SSL VPN Client\bin;C:\Users\diego.couto\AppData\Local\Programs\Microsoft VS Code\bin;C:\apache-maven-3.6.3\bin;C:\Program Files\Azure Data Studio\bin;C:\Users\diego.couto\AppData\Roaming\npm;;C:\Users\diego.couto\Desktop\sts-4.13.0.RELEASE;
USERNAME=diego.couto
OS=Windows_NT
PROCESSOR_IDENTIFIER=Intel64 Family 6 Model 142 Stepping 12, GenuineIntel



---------------  S Y S T E M  ---------------

OS:
 Windows 10 , 64 bit Build 19041 (10.0.19041.1741)
OS uptime: 0 days 4:38 hours
Hyper-V role detected

CPU: total 8 (initial active 8) (4 cores per cpu, 2 threads per core) family 6 model 142 stepping 12 microcode 0xea, cx8, cmov, fxsr, ht, mmx, 3dnowpref, sse, sse2, sse3, ssse3, sse4.1, sse4.2, popcnt, lzcnt, tsc, tscinvbit, avx, avx2, aes, erms, clmul, bmi1, bmi2, adx, fma, vzeroupper, clflush, clflushopt, hv

Memory: 4k page, system-wide physical 24350M (9071M free)
TotalPageFile size 48701M (AvailPageFile size 27632M)
current process WorkingSet (physical memory assigned to process): 253M, peak: 359M
current process commit charge ("private bytes"): 289M, peak: 503M

vm_info: OpenJDK 64-Bit Server VM (17.0.1+12) for windows-amd64 JRE (17.0.1+12), built on Oct 20 2021 07:42:55 by "" with MS VC++ 16.7 (VS2019)

END.
